[debug] [2018-09-04T02:31:13.641Z] ----------------------------------------------------------------------
[debug] [2018-09-04T02:31:13.643Z] Command:       C:\Program Files\nodejs\node.exe C:\Users\alley\AppData\Roaming\npm\node_modules\firebase-tools\bin\firebase serve --only functions
[debug] [2018-09-04T02:31:13.643Z] CLI Version:   4.2.1
[debug] [2018-09-04T02:31:13.643Z] Platform:      win32
[debug] [2018-09-04T02:31:13.643Z] Node Version:  v8.11.2
[debug] [2018-09-04T02:31:13.643Z] Time:          Tue Sep 04 2018 10:31:13 GMT+0800 (Taipei Standard Time)
[debug] [2018-09-04T02:31:13.643Z] ----------------------------------------------------------------------
[debug] 
[debug] [2018-09-04T02:31:13.654Z] > command requires scopes: ["email","openid","https://www.googleapis.com/auth/cloudplatformprojects.readonly","https://www.googleapis.com/auth/firebase","https://www.googleapis.com/auth/cloud-platform"]
[debug] [2018-09-04T02:31:13.655Z] > authorizing via signed-in user
[debug] [2018-09-04T02:31:13.657Z] >>> HTTP REQUEST GET https://admin.firebase.com/v1/projects/mercury-object  
 
[debug] [2018-09-04T02:31:14.459Z] <<< HTTP RESPONSE 200
[debug] [2018-09-04T02:31:14.461Z] >>> HTTP REQUEST GET https://cloudresourcemanager.googleapis.com/v1/projects/mercury-object  
 
[debug] [2018-09-04T02:31:15.448Z] <<< HTTP RESPONSE 200
[info] 
[info] === Serving from 'C:\Users\alley\hydra'...
[info] 
[info] i  functions: Preparing to emulate functions.
[debug] [2018-09-04T02:31:16.265Z] Fetching environment
[debug] [2018-09-04T02:31:16.268Z] >>> HTTP REQUEST GET https://mobilesdk-pa.googleapis.com/v1/projects/851571343543:getServerAppConfig  
 
[debug] [2018-09-04T02:31:16.892Z] <<< HTTP RESPONSE 200
[debug] [2018-09-04T02:31:16.893Z] Starting @google-cloud/functions-emulator
[debug] [2018-09-04T02:31:18.958Z] Parsing function triggers
[info] +  functions: helloWorld: http://localhost:5000/mercury-object/us-central1/helloWorld
